<?xml version="1.0" encoding="UTF-8"?>
<testsuite xmlns:xsi="http://www.w3.org/2001/XMLSchema-instance" xsi:noNamespaceSchemaLocation="https://maven.apache.org/surefire/maven-surefire-plugin/xsd/surefire-test-report.xsd" name="com.mohdfai.metrocard.RefundServiceTest" time="0.053" tests="5" errors="0" skipped="0" failures="0">
  <properties>
[...]
</properties>
  <testcase name="anyInOneZoneOutside1" classname="com.mohdfai.metrocard.RefundServiceTest" time="0.007"/>
  <testcase name="anyTwoZonesWith1" classname="com.mohdfai.metrocard.RefundServiceTest" time="0"/>
  <testcase name="allIn1Zone" classname="com.mohdfai.metrocard.RefundServiceTest" time="0"/>
  <testcase name="anyTwoZonesWithout1" classname="com.mohdfai.metrocard.RefundServiceTest" time="0"/>
  <testcase name="anyThreeZones" classname="com.mohdfai.metrocard.RefundServiceTest" time="0"/>
</testsuite>